============================= test session starts =============================
collecting ... DEBUG: Importing neo4j...
DEBUG: Imported neo4j successfully
DEBUG: Importing testcontainers.neo4j...
DEBUG: Imported testcontainers.neo4j successfully
collected 0 items / 1 error

=================================== ERRORS ====================================
________________________ ERROR collecting test session ________________________

self = <HookCaller 'pytest_collectstart'>
kwargs = {'collector': <Package integration>}, firstresult = False

    def __call__(self, **kwargs: object) -> Any:
        """Call the hook.
    
        Only accepts keyword arguments, which should match the hook
        specification.
    
        Returns the result(s) of calling all registered plugins, see
        :ref:`calling`.
        """
        assert not self.is_historic(), (
            "Cannot directly call a historic hook - use call_historic instead."
        )
        self._verify_all_args_are_provided(kwargs)
        firstresult = self.spec.opts.get("firstresult", False) if self.spec else False
        # Copy because plugins may register other plugins during iteration (#438).
>       return self._hookexec(self.name, self._hookimpls.copy(), kwargs, firstresult)
               ^^^^^^^^^^^^^^^^^^^^^^^^^^^^^^^^^^^^^^^^^^^^^^^^^^^^^^^^^^^^^^^^^^^^^^

.venv\Lib\site-packages\pluggy\_hooks.py:512: 
_ _ _ _ _ _ _ _ _ _ _ _ _ _ _ _ _ _ _ _ _ _ _ _ _ _ _ _ _ _ _ _ _ _ _ _ _ _ _ _

self = <_pytest.config.PytestPluginManager object at 0x000002A2FFF0DE50>
hook_name = 'pytest_collectstart'
methods = [<HookImpl plugin_name='asyncio', plugin=<module 'pytest_asyncio.plugin' from 'D:\\projects\\ApexSigma DevAI\\OmegaKG\....py'>>, <HookImpl plugin_name='session', plugin=<Session  exitstatus=<ExitCode.OK: 0> testsfailed=0 testscollected=0>>]
kwargs = {'collector': <Package integration>}, firstresult = False

    def _hookexec(
        self,
        hook_name: str,
        methods: Sequence[HookImpl],
        kwargs: Mapping[str, object],
        firstresult: bool,
    ) -> object | list[object]:
        # called from all hookcaller instances.
        # enable_tracing will set its own wrapping function at self._inner_hookexec
>       return self._inner_hookexec(hook_name, methods, kwargs, firstresult)
               ^^^^^^^^^^^^^^^^^^^^^^^^^^^^^^^^^^^^^^^^^^^^^^^^^^^^^^^^^^^^^

.venv\Lib\site-packages\pluggy\_manager.py:120: 
_ _ _ _ _ _ _ _ _ _ _ _ _ _ _ _ _ _ _ _ _ _ _ _ _ _ _ _ _ _ _ _ _ _ _ _ _ _ _ _

collector = <Package integration>

    @pytest.hookimpl
    def pytest_collectstart(collector: pytest.Collector):
        try:
            collector_scope = next(
                scope
                for cls, scope in _fixture_scope_by_collector_type.items()
                if isinstance(collector, cls)
            )
        except StopIteration:
            return
        # Session is not a PyCollector type, so it doesn't have a corresponding
        # "obj" attribute to attach a dynamic fixture function to.
        # However, there's only one session per pytest run, so there's no need to
        # create the fixture dynamically. We can simply define a session-scoped
        # event loop fixture once in the plugin code.
        if collector_scope == "session":
            event_loop_fixture_id = _session_event_loop.__name__
            collector.stash[_event_loop_fixture_id] = event_loop_fixture_id
            return
        # There seem to be issues when a fixture is shadowed by another fixture
        # and both differ in their params.
        # https://github.com/pytest-dev/pytest/issues/2043
        # https://github.com/pytest-dev/pytest/issues/11350
        # As such, we assign a unique name for each event_loop fixture.
        # The fixture name is stored in the collector's Stash, so it can
        # be injected when setting up the test
        event_loop_fixture_id = f"{collector.nodeid}::<event_loop>"
        collector.stash[_event_loop_fixture_id] = event_loop_fixture_id
    
        @pytest.fixture(
            scope=collector_scope,
            name=event_loop_fixture_id,
        )
        def scoped_event_loop(
            *args,  # Function needs to accept "cls" when collected by pytest.Class
            event_loop_policy,
        ) -> Iterator[asyncio.AbstractEventLoop]:
            new_loop_policy = event_loop_policy
            with _temporary_event_loop_policy(new_loop_policy):
                loop = asyncio.new_event_loop()
                loop.__pytest_asyncio = True  # type: ignore[attr-defined]
                asyncio.set_event_loop(loop)
                yield loop
                loop.close()
    
        # @pytest.fixture does not register the fixture anywhere, so pytest doesn't
        # know it exists. We work around this by attaching the fixture function to the
        # collected Python object, where it will be picked up by pytest.Class.collect()
        # or pytest.Module.collect(), respectively
        if type(collector) is Module:
            # Accessing Module.obj triggers a module import executing module-level
            # statements. A module-level pytest.skip statement raises the "Skipped"
            # OutcomeException or a Collector.CollectError, if the "allow_module_level"
            # kwargs is missing. These cases are handled correctly when they happen inside
            # Collector.collect(), but this hook runs before the actual collect call.
            # Therefore, we monkey patch Module.collect to add the scoped fixture to the
            # module before it runs the actual collection.
            def _patched_collect():
                collector.obj.__pytest_asyncio_scoped_event_loop = scoped_event_loop
                return collector.__original_collect()
    
            collector.__original_collect = collector.collect
            collector.collect = _patched_collect
        else:
>           pyobject = collector.obj
                       ^^^^^^^^^^^^^
E           AttributeError: 'Package' object has no attribute 'obj'

.venv\Lib\site-packages\pytest_asyncio\plugin.py:626: AttributeError
=========================== short test summary info ===========================
ERROR  - AttributeError: 'Package' object has no attribute 'obj'
!!!!!!!!!!!!!!!!!!! Interrupted: 1 error during collection !!!!!!!!!!!!!!!!!!!!
============================== 1 error in 0.49s ===============================
